Sat Dec 31 04:29:02 2022

Opening file t2z_planck18only.txt
nbins_zt: 138
# redshift / age (Gyr) - dt = -0.1 (nrows=138)

ibin_zt: 138
t2z_z0: -0.000000
t2z_t0: 13.795000
dt: 0.100000
Opening file z2t_planck18only.txt
# scale factor / redshift / age (Gyr)  - da = -0.00707 (nrows=138)

ibin_zt: 138
z2t_a0: 1.000000
z2t_z0: 0.000000
z2t_zmax: 30.836990
z2t_t0: 13.795460
da: 0.007070

Min halo mass: 10.104985
tdyn: 6.73499e+08 years
zout: 1.500000
tout: 4.26064e+09 years
tout - tdyn: 3.58714e+09 years
z(tout - tdyn): 1.815321

Opening file /mnt/data_cat5/rlzhang/Pinocchio/test/output/tests22/1.5/N1024/pinocchio.1.5000.r00022.catalog.out
The file has been written by 40 tasks
The box has been fragmented in 1 slices
nhalo in cat: 3455855
time taken to read cat: 0.496938 s

Opening file /mnt/data_cat5/rlzhang/Pinocchio/test/output/tests22/1.5/N1024/pinocchio.r00022.histories.out
The run used 1 slices
Opening file conc_diemer.txt
nbins_m: 61
nbins_z: 57
# columns: log10(mass) 9 - 15 with dlogM = 0.1 (nbins = 61)

# rows: redshifts 0.4 - 6 with dz = 0.1 (nbins = 57)

ibin_z: 57
logMmin: 9.000000
dlogM: 0.100000
zmin for conc table: 0.400000
dz: 0.100000
z_conc_max: 6.000000
tau_quench0: 1.700000
tau_quench: 0.430070
dt_quenched: 3.44056e+09

z_quench: 6.633681
tdyn_quench: 1.30465e+08
z_sat_max: 7.569764
WARNING: changed z_quench to 6.000000

Ntrees: 3455855
Nbranches: 6327691
.cp5
nmw_sat: 2
cp5
nmw_sat: 4
cp5
nmw_sat: 2
cp5
nmw_sat: 3
cp5
nmw_sat: 2
cp5
nmw_sat: 7
cp5
nmw_sat: 3
cp5
nmw_sat: 3
cp5
nmw_sat: 2
cp5
nmw_sat: 4
cp5
nmw_sat: 2
cp5
nmw_sat: 2
cp5
nmw_sat: 2
cp5
nmw_sat: 9
..........
count:0
I found 3455855 trees and 6327691 branches in the file
time taken to loop through merger trees and assign sfrs: 12.746620 s
Sat Dec 31 04:29:17 2022

