Thu Jan  5 14:20:19 2023

Opening file t2z_planck18only.txt
nbins_zt: 138
# redshift / age (Gyr) - dt = -0.1 (nrows=138)

ibin_zt: 138
t2z_z0: -0.000000
t2z_t0: 13.795000
dt: 0.100000
Opening file z2t_planck18only.txt
# scale factor / redshift / age (Gyr)  - da = -0.00707 (nrows=138)

ibin_zt: 138
z2t_a0: 1.000000
z2t_z0: 0.000000
z2t_zmax: 30.836990
z2t_t0: 13.795460
da: 0.007070

Min halo mass: 10.011706
tdyn: 9.79437e+08 years
zout: 0.900000
tout: 6.27022e+09 years
tout - tdyn: 5.29078e+09 years
z(tout - tdyn): 1.146265

Opening file /mnt/data_cat5/rlzhang/Pinocchio/test/output/tests22/0.9/N1100/pinocchio.0.9000.r00022.catalog.out
