Mon Jan  2 03:07:41 2023

Opening file t2z_planck18only.txt
nbins_zt: 138
# redshift / age (Gyr) - dt = -0.1 (nrows=138)

ibin_zt: 138
t2z_z0: -0.000000
t2z_t0: 13.795000
dt: 0.100000
Opening file z2t_planck18only.txt
# scale factor / redshift / age (Gyr)  - da = -0.00707 (nrows=138)

ibin_zt: 138
z2t_a0: 1.000000
z2t_z0: 0.000000
z2t_zmax: 30.836990
z2t_t0: 13.795460
da: 0.007070

Min halo mass: 10.011706
tdyn: 1.43189e+09 years
zout: 0.400000
tout: 9.3643e+09 years
tout - tdyn: 7.93242e+09 years
z(tout - tdyn): 0.594387

Opening file /mnt/data_cat5/rlzhang/Pinocchio/test/output/tests22/N1100/0.4/pinocchio.0.4000.r00022.catalog.out
The file has been written by 40 tasks
The box has been fragmented in 1 slices
nhalo in cat: 4116944
time taken to read cat: 0.533529 s

Opening file /mnt/data_cat5/rlzhang/Pinocchio/test/output/tests22/N1100/0.4/pinocchio.r00022.histories.out
The run used 1 slices
Opening file conc_diemer.txt
nbins_m: 61
nbins_z: 57
# columns: log10(mass) 9 - 15 with dlogM = 0.1 (nbins = 61)

# rows: redshifts 0.4 - 6 with dz = 0.1 (nbins = 57)

ibin_z: 57
logMmin: 9.000000
dlogM: 0.100000
zmin for conc table: 0.400000
dz: 0.100000
z_conc_max: 6.000000

Ntrees: 4116944
Nbranches: 9348782
...........
count:0
I found 4116944 trees and 9348782 branches in the file
time taken to loop through merger trees and assign sfrs: 20.878540 s
Mon Jan  2 03:08:02 2023

