Tue Jan 10 20:57:39 2023

Opening file t2z_planck18only.txt
nbins_zt: 138
# redshift / age (Gyr) - dt = -0.1 (nrows=138)

ibin_zt: 138
t2z_z0: -0.000000
t2z_t0: 13.795000
dt: 0.100000
Opening file z2t_planck18only.txt
# scale factor / redshift / age (Gyr)  - da = -0.00707 (nrows=138)

ibin_zt: 138
z2t_a0: 1.000000
z2t_z0: 0.000000
z2t_zmax: 30.836990
z2t_t0: 13.795460
da: 0.007070

Min halo mass: 9.483433
tdyn: 9.79437e+08 years
zout: 0.900000
tout: 6.27022e+09 years
tout - tdyn: 5.29078e+09 years
z(tout - tdyn): 1.146265

Opening file /mnt/data_cat5/rlzhang/cosma/N1650/0.9/pinocchio.0.9000.r00022.catalog.out
The file has been written by 84 tasks
The box has been fragmented in 1 slices
nhalo in cat: 1682678
time taken to read cat: 0.499486 s

Opening file /mnt/data_cat5/rlzhang/cosma/N1650/0.9/pinocchio.r00022.histories.out
The run used 1 slices
Opening file conc_diemer.txt
nbins_m: 61
nbins_z: 57
# columns: log10(mass) 9 - 15 with dlogM = 0.1 (nbins = 61)

# rows: redshifts 0.4 - 6 with dz = 0.1 (nbins = 57)

ibin_z: 57
logMmin: 9.000000
dlogM: 0.100000
zmin for conc table: 0.400000
dz: 0.100000
z_conc_max: 6.000000

Ntrees: 1682678
Nbranches: 29317838
...........
count:0
I found 1682678 trees and 29317838 branches in the file
time taken to loop through merger trees and assign sfrs: 84.206279 s
Tue Jan 10 21:00:36 2023

