[ 8.   8.2  8.4  8.6  8.8  9.   9.2  9.4  9.6  9.8 10.  10.2 10.4 10.6
 10.8 11.  11.2 11.4 11.6 11.8 12.  12.2 12.4 12.6 12.8 13.  13.2 13.4
 13.6 13.8 14.  14.2 14.4 14.6 14.8]
-11692.688460000018
-81172.36373000091
-148870.35502800034
-125432.39982199964
-48626.537842999736
12764.898329999969
32451.373676000483
28469.771293000078
18893.250189000024
11900.874490999955
7276.102629000002
4326.926706000008
2503.2954719999984
1360.6801339999993
722.3547529999997
393.6279580000005
165.766713
54.36124999999999
23.082207999999998
4.9936359999999995
1.537586
Time:  4.081525087356567 seconds
