Sat Dec 24 19:13:46 2022

Min halo mass: 10.104985
tdyn: 6.73499e+08 years
tout - tdyn: 3.6102e+09 years
z(tout - tdyn): 1.813912
Opening file /mnt/data_cat5/rlzhang/Pinocchio/test/output/tests22/1.5/N1024/pinocchio.1.5000.r00022.catalog.out
The file has been written by 40 tasks
The box has been fragmented in 1 slices
nhalo in cat: 3455855
Opening file /mnt/data_cat5/rlzhang/Pinocchio/test/output/tests22/1.5/N1024/pinocchio.r00022.histories.out
The run used 1 slices
Opening file conc_diemer.txt
nbins_m: 61
nbins_z: 57
# columns: log10(mass) 9 - 15 with dlogM = 0.1 (nbins = 61)

# rows: redshifts 0.4 - 6 with dz = 0.1 (nbins = 57)

ibin_z: 57
Opening file etest0.5_2.txt
logMmin: 9.000000
dlogM: 0.100000
zmin for conc table: 0.400000
dz: 0.100000
Ntrees: 3455855
Nbranches: 6327691
I found 3455855 trees and 6327691 branches in the file
Sat Dec 24 19:14:09 2022

