Fri Dec 30 03:59:53 2022

Opening file t2z_planck18only.txt
nbins_zt: 130
# redshift / age (Gyr) - dt = -0.1 (nrows=130)

ibin_zt: 130
t2z_z0: -0.000000
t2z_t0: 13.795000
dt: 0.100000
Opening file z2t_planck18only.txt
# scale factor / redshift / age (Gyr)  - da = -0.00667 (nrows=130)

ibin_zt: 130
z2t_a0: 1.000000
z2t_z0: 0.000000
z2t_t0: 13.795460
da: 0.006670
Min halo mass: 9.467633
tdyn: 6.73499e+08 years
tout: 4283694761.762954
zout: 1.500000
a: 0.400000
a: 89.955022
ibin_zt: 89
tout: 4260478327.246164
tout - tdyn: 3.58698e+09 years
z(tout - tdyn): 1.826419
z(tout - tdyn): 1.815411
Opening file /mnt/data_cat4/moriwaki/pinocchio.1.5000.r00000.catalog.out
The file has been written by 1456 tasks
The box has been fragmented in 1 slices
