[ 8.   8.2  8.4  8.6  8.8  9.   9.2  9.4  9.6  9.8 10.  10.2 10.4 10.6
 10.8 11.  11.2 11.4 11.6 11.8 12.  12.2 12.4 12.6 12.8 13.  13.2 13.4
 13.6 13.8 14.  14.2 14.4 14.6 14.8]
-9591.486545999993
-307729.5654599993
-1267457.5940100292
-2044454.2057819904
-1855697.125111991
-1026220.349699034
-204242.11583699175
329212.7371600056
-206827.6980599915
155931.149879
226595.89039499842
184400.3567150002
125299.05816299797
80289.53176999977
49515.68353600047
30330.000917999954
17161.68344700001
9091.847484999991
4176.997329000005
1798.3830969999976
494.02043400000014
141.545293
37.202545
1.972704
Time:  54.72454619407654 seconds
