[ 8.   8.2  8.4  8.6  8.8  9.   9.2  9.4  9.6  9.8 10.  10.2 10.4 10.6
 10.8 11.  11.2 11.4 11.6 11.8 12.  12.2 12.4 12.6 12.8 13.  13.2 13.4
 13.6 13.8 14.  14.2 14.4 14.6 14.8]
-4535.138750000005
-138812.23763999963
-286838.56007399585
-190867.55005309766
-57095.55641037905
11520.454756799709
30468.13016511802
26977.120714565946
18994.52514730075
13123.86354875524
9335.25011669777
6484.524710350015
4087.3878756400036
2555.7043661900075
1441.7349199999987
831.6819459999997
369.29300000000023
129.13216
47.34679000000001
10.358270000000001
Time:  7.085269927978516 seconds
