Fri Dec  9 01:00:45 2022

Min halo mass: 9.707206
tdyn: 6.85008e+08 years
tout - tdyn: 3.67359e+09 years
z(tout - tdyn): 1.780420
Opening file /mnt/data_cat5/rlzhang/Pinocchio/test/output/tests22/1.47/N1290/pinocchio.1.4700.r00022.catalog.out
The file has been written by 40 tasks
The box has been fragmented in 1 slices
nhalo in cat: 7943410
Opening file /mnt/data_cat5/rlzhang/Pinocchio/test/output/tests22/1.47/N1290/pinocchio.r00022.histories.out
The run used 1 slices
Opening file conc_diemer.txt
nbins_m: 61
nbins_z: 57
# columns: log10(mass) 9 - 15 with dlogM = 0.1 (nbins = 61)

# rows: redshifts 0.4 - 6 with dz = 0.1 (nbins = 57)

ibin_z: 57
Opening file etest0.5_2.txt
logMmin: 9.000000
dlogM: 0.100000
zmin for conc table: 0.400000
dz: 0.100000
Ntrees: 7943410
Nbranches: 15555001
I found 7943410 trees and 15555001 branches in the file
Fri Dec  9 01:03:12 2022

