Fri Dec 23 18:19:37 2022

Min halo mass: 9.467633
tdyn: 6.73499e+08 years
tout - tdyn: 3.6102e+09 years
z(tout - tdyn): 1.813912
Opening file /mnt/data_cat4/moriwaki/pinocchio.1.5000.r00000.catalog.out
The file has been written by 1456 tasks
The box has been fragmented in 1 slices
nhalo in cat: 267488051
Opening file /mnt/data_cat4/moriwaki/pinocchio.r00000.histories.out
The run used 1 slices
Opening file conc_diemer.txt
nbins_m: 61
nbins_z: 57
# columns: log10(mass) 9 - 15 with dlogM = 0.1 (nbins = 61)

# rows: redshifts 0.4 - 6 with dz = 0.1 (nbins = 57)

ibin_z: 57
Opening file etest0.5_2.txt
logMmin: 9.000000
dlogM: 0.100000
zmin for conc table: 0.400000
dz: 0.100000
Ntrees: 267488051
Nbranches: 540885605
I found 267488051 trees and 540885605 branches in the file
Fri Dec 23 19:11:34 2022

