[ 8.   8.2  8.4  8.6  8.8  9.   9.2  9.4  9.6  9.8 10.  10.2 10.4 10.6
 10.8 11.  11.2 11.4 11.6 11.8 12.  12.2 12.4 12.6 12.8 13.  13.2 13.4
 13.6 13.8 14.  14.2 14.4 14.6 14.8]
-166330.3589600022
-568437.3256292752
-265684.566690773
136000.79970038857
247463.69830756617
207588.6098098642
146330.62180420518
101070.15692790973
70408.60979348014
47757.921992922114
31556.42209337619
18843.068574210018
10690.470381000017
5499.2283560000005
2618.906389999999
908.4743799999999
277.0790200000001
49.85965
15.990709999999998
2.87674
Time:  37.72644877433777 seconds
