[ 8.   8.2  8.4  8.6  8.8  9.   9.2  9.4  9.6  9.8 10.  10.2 10.4 10.6
 10.8 11.  11.2 11.4 11.6 11.8 12.  12.2 12.4 12.6 12.8 13.  13.2 13.4
 13.6 13.8 14.  14.2 14.4 14.6 14.8]
-166330.3589600022
-568880.6102091848
-266412.47903818387
133773.24759181362
247433.8396334057
207524.19897811007
146222.4780523593
100876.34549009867
70110.98312511742
47372.94726233661
31220.385215744875
18640.803569175965
10585.382030000002
5451.487692999997
2597.5128000000027
900.6026099999998
274.7419200000001
49.49233999999999
15.82864
2.85152
Time:  31.939820289611816 seconds
