[ 8.   8.2  8.4  8.6  8.8  9.   9.2  9.4  9.6  9.8 10.  10.2 10.4 10.6
 10.8 11.  11.2 11.4 11.6 11.8 12.  12.2 12.4 12.6 12.8 13.  13.2 13.4
 13.6 13.8 14.  14.2 14.4 14.6 14.8]
-12599.745259000008
-86548.0980879995
-166920.5661950003
-156166.6127419983
-82040.56771599897
-15780.7145030001
9196.834742999945
12499.006781999904
11137.238771000053
9745.693881000036
7312.31702900002
5505.397954000018
4047.6109859999983
2976.0398480000013
1971.5247989999996
1327.918333000002
778.5108589999999
442.6417559999997
160.23699
89.24359299999999
22.665167
11.018518
2.732389
Time:  4.33641505241394 seconds
[ 8.   8.2  8.4  8.6  8.8  9.   9.2  9.4  9.6  9.8 10.  10.2 10.4 10.6
 10.8 11.  11.2 11.4 11.6 11.8 12.  12.2 12.4 12.6 12.8 13.  13.2 13.4
 13.6 13.8 14.  14.2 14.4 14.6 14.8]
-12599.745259000008
-86548.0980879995
-166922.6103210004
-156196.99674999836
-82120.38806499845
-16076.213701000002
8526.132894999982
10688.431316999995
7829.629546000007
5429.388943999982
3513.269404999994
2260.341593000001
1473.187466999996
992.4851779999991
603.4553319999995
377.5971430000001
215.12414300000003
105.82149899999995
37.42987899999999
15.112043000000002
8.894722
4.495571
1.337776
Time:  8.135984182357788 seconds
[ 8.   8.2  8.4  8.6  8.8  9.   9.2  9.4  9.6  9.8 10.  10.2 10.4 10.6
 10.8 11.  11.2 11.4 11.6 11.8 12.  12.2 12.4 12.6 12.8 13.  13.2 13.4
 13.6 13.8 14.  14.2 14.4 14.6 14.8]
-2.96467
-185.58326000000002
-2349.7329770000006
-9462.858592000031
-20027.529729503094
-28107.924646153922
-29235.411799414676
-25980.14845648926
-22058.276674753513
-18733.337615584416
-16845.560243274587
-14952.327095572098
-14042.100127156851
-11358.514571870004
-10313.978901592036
-8217.201788618086
-6777.322609731963
-3213.215503065005
-2565.8119748299964
-905.8767003237031
-772.8106990350008
-217.46706783
Time:  10.582576751708984 seconds
