[ 8.   8.2  8.4  8.6  8.8  9.   9.2  9.4  9.6  9.8 10.  10.2 10.4 10.6
 10.8 11.  11.2 11.4 11.6 11.8 12.  12.2 12.4 12.6 12.8 13.  13.2 13.4
 13.6 13.8 14.  14.2 14.4 14.6 14.8]
-11956.329400000042
-82782.16274099977
-169817.58803799754
-172694.39608099722
-108001.9105100007
-44133.85675099996
-17296.102007000085
-7153.544968000028
-1709.8208660000016
801.8775889999976
1759.0583209999936
1980.5240899999976
1891.010545999998
1759.1793879999939
1532.6829279999995
1119.9461940000008
875.3982889999996
542.5568579999999
347.23450300000013
190.44273200000003
98.09260900000002
29.794724
13.939625000000001
Time:  7.1773364543914795 seconds
[ 8.   8.2  8.4  8.6  8.8  9.   9.2  9.4  9.6  9.8 10.  10.2 10.4 10.6
 10.8 11.  11.2 11.4 11.6 11.8 12.  12.2 12.4 12.6 12.8 13.  13.2 13.4
 13.6 13.8 14.  14.2 14.4 14.6 14.8]
-11956.329400000042
-82782.16274099977
-169820.02785599758
-172696.41536199691
-108107.43831900056
-44393.104604999986
-18002.704271000024
-9042.164725999934
-4669.93934600002
-2543.3073779999954
-1289.554401999998
-556.0834120000002
-193.87429699999996
-85.77736200000001
-24.824225999999975
5.4722830000000116
19.298889
22.09006799999999
4.068547999999993
-0.4119360000000003
9.511430999999998
1.6788950000000002
1.7688030000000001
Time:  12.055360794067383 seconds
[ 8.   8.2  8.4  8.6  8.8  9.   9.2  9.4  9.6  9.8 10.  10.2 10.4 10.6
 10.8 11.  11.2 11.4 11.6 11.8 12.  12.2 12.4 12.6 12.8 13.  13.2 13.4
 13.6 13.8 14.  14.2 14.4 14.6 14.8]
-95.28489
-1696.1152199999985
-7901.6842599999945
-18527.15122530001
-28586.834204272003
-34563.864842960735
-36043.44357043816
-37197.94659684841
-35854.089575771104
-35994.73792223474
-34703.444310489875
-32889.445191321494
-32799.26742408243
-28278.931390875474
-28030.330419024096
-22235.96514136993
-19333.41427796936
-14366.54995814549
-10293.109877111068
-4547.833805536004
-3435.2064826900005
Time:  16.41696524620056 seconds
