[ 8.   8.2  8.4  8.6  8.8  9.   9.2  9.4  9.6  9.8 10.  10.2 10.4 10.6
 10.8 11.  11.2 11.4 11.6 11.8 12.  12.2 12.4 12.6 12.8 13.  13.2 13.4
 13.6 13.8 14.  14.2 14.4 14.6 14.8]
-91720.03989999981
-932002.638099988
-561004.5024109931
-258391.77816999683
-88163.02790400118
-15039.090221999952
6458.295182999945
8638.83652100004
6793.130331999992
5433.456206000022
4274.90412600001
3192.866290999996
2598.3283560000027
1940.2791000000007
1353.1340089999992
937.9899330000002
600.8739100000001
355.74471199999994
123.46276399999998
65.52587899999999
17.792171000000003
6.605913000000001
2.457919
Time:  8.650915145874023 seconds
[ 8.   8.2  8.4  8.6  8.8  9.   9.2  9.4  9.6  9.8 10.  10.2 10.4 10.6
 10.8 11.  11.2 11.4 11.6 11.8 12.  12.2 12.4 12.6 12.8 13.  13.2 13.4
 13.6 13.8 14.  14.2 14.4 14.6 14.8]
-91721.40254299986
-932037.206834988
-561046.5470639939
-258468.7871799969
-88252.7412139998
-15128.980743000104
6300.464146999977
8320.431457000006
6132.964148000019
4356.067545999986
3064.6455180000066
1951.8301649999985
1361.8124590000002
867.8729750000019
556.647008
344.0875829999999
203.1325000000001
123.41657400000004
45.49840300000002
22.040510000000005
7.867884
2.2828749999999998
0.819125
Time:  18.607781887054443 seconds
[ 8.   8.2  8.4  8.6  8.8  9.   9.2  9.4  9.6  9.8 10.  10.2 10.4 10.6
 10.8 11.  11.2 11.4 11.6 11.8 12.  12.2 12.4 12.6 12.8 13.  13.2 13.4
 13.6 13.8 14.  14.2 14.4 14.6 14.8]
-510.8384899999998
-5809.124229999999
-21110.234952999974
-41569.35076699993
-59818.72994486012
-71816.3239937596
-77490.98628609598
-77551.10124201643
-77648.70017834601
-74436.96409837832
-72421.08745432616
-69377.77437213006
-65295.88108906836
-58089.43401203503
-50879.01265876292
-42745.102327500346
-34092.74086287541
-16949.648925160003
-12507.398507875037
-4401.841114770001
-2522.1917095899985
-1206.626216399999
Time:  22.952306032180786 seconds
