[ 8.   8.2  8.4  8.6  8.8  9.   9.2  9.4  9.6  9.8 10.  10.2 10.4 10.6
 10.8 11.  11.2 11.4 11.6 11.8 12.  12.2 12.4 12.6 12.8 13.  13.2 13.4
 13.6 13.8 14.  14.2 14.4 14.6 14.8]
-91716.53094999988
-932103.2205019867
-561243.7103709966
-258626.0240419989
-88321.58627900113
-15104.070662000118
6432.5024999999905
8708.634112999975
7004.083980000025
5762.564508999981
4691.86035500001
3526.0657859999924
2852.850435
2128.376223
1510.1323560000003
1022.7013630000012
634.3351739999997
370.10817700000024
127.77821
67.153617
17.813162
6.787679000000001
2.469002
Time:  17.113245964050293 seconds
[ 8.   8.2  8.4  8.6  8.8  9.   9.2  9.4  9.6  9.8 10.  10.2 10.4 10.6
 10.8 11.  11.2 11.4 11.6 11.8 12.  12.2 12.4 12.6 12.8 13.  13.2 13.4
 13.6 13.8 14.  14.2 14.4 14.6 14.8]
-91721.40254299986
-932037.206834988
-561046.5470639939
-258468.7871799969
-88252.7412139998
-15128.980743000104
6300.464146999977
8320.431457000006
6132.964148000019
4356.067545999986
3064.6455180000066
1951.8301649999985
1361.8124590000002
867.8729750000019
556.647008
344.0875829999999
203.1325000000001
123.41657400000004
45.49840300000002
22.040510000000005
7.867884
2.2828749999999998
0.819125
Time:  33.11941480636597 seconds
[ 8.   8.2  8.4  8.6  8.8  9.   9.2  9.4  9.6  9.8 10.  10.2 10.4 10.6
 10.8 11.  11.2 11.4 11.6 11.8 12.  12.2 12.4 12.6 12.8 13.  13.2 13.4
 13.6 13.8 14.  14.2 14.4 14.6 14.8]
-719.77359
-10609.350390000014
-48717.651999000256
-109281.21405100069
-163190.97217256262
-198641.0415391576
-213369.31689788908
-214710.63587747054
-216388.33738822062
-209623.09393617196
-203717.79282920022
-195380.85440447726
-184493.81226829527
-164682.31700590166
-144458.96777567806
-122496.77158292771
-96924.00630187924
-47703.49380105813
-35607.08738244005
-12168.146068869988
-7344.420404081994
-3571.5468855999975
Time:  51.7455677986145 seconds
