[ 8.   8.2  8.4  8.6  8.8  9.   9.2  9.4  9.6  9.8 10.  10.2 10.4 10.6
 10.8 11.  11.2 11.4 11.6 11.8 12.  12.2 12.4 12.6 12.8 13.  13.2 13.4
 13.6 13.8 14.  14.2 14.4 14.6 14.8]
-198866.30635299793
-762437.8841440032
-1045624.3077450193
-900666.2797489873
-521472.8240429977
-223933.33433200035
-59389.34864500006
8865.316339000072
26552.943356000047
23974.744800000117
16956.70743900009
11835.021288000027
8436.62655899998
5856.780230000002
3820.4044500000005
2281.048373
1463.2760989999992
724.7567239999996
345.3011470000001
113.70235999999998
41.801424
10.606031999999999
Time:  14.829002141952515 seconds
[ 8.   8.2  8.4  8.6  8.8  9.   9.2  9.4  9.6  9.8 10.  10.2 10.4 10.6
 10.8 11.  11.2 11.4 11.6 11.8 12.  12.2 12.4 12.6 12.8 13.  13.2 13.4
 13.6 13.8 14.  14.2 14.4 14.6 14.8]
-198866.30635299793
-762437.8841440032
-1045633.2395040176
-900731.7864709874
-521635.4804160007
-224165.15324900128
-59603.07961400052
8585.016049999951
26174.38405099995
23281.93894500001
15718.364248000038
10075.404208999991
6473.566363000011
3910.0958099999993
2250.639074000002
1245.0126579999985
740.1877799999985
350.076861
158.91594000000006
52.718889000000004
16.401897
5.2062360000000005
Time:  30.12199878692627 seconds
[ 8.   8.2  8.4  8.6  8.8  9.   9.2  9.4  9.6  9.8 10.  10.2 10.4 10.6
 10.8 11.  11.2 11.4 11.6 11.8 12.  12.2 12.4 12.6 12.8 13.  13.2 13.4
 13.6 13.8 14.  14.2 14.4 14.6 14.8]
-201.04819999999995
-4851.554180000003
-26192.722189999968
-66326.07969999989
-110427.84012907077
-143714.88592000055
-158115.14809147903
-159243.31422429948
-152074.56419329526
-139383.41818112397
-130504.30065332241
-115903.65014084097
-97978.24714572063
-78233.6075283092
-68364.73671281368
-45854.09228062413
-31091.99734601908
-14702.086380857023
-7510.543095968993
-3101.240751999995
Time:  36.64567184448242 seconds
