[ 8.   8.2  8.4  8.6  8.8  9.   9.2  9.4  9.6  9.8 10.  10.2 10.4 10.6
 10.8 11.  11.2 11.4 11.6 11.8 12.  12.2 12.4 12.6 12.8 13.  13.2 13.4
 13.6 13.8 14.  14.2 14.4 14.6 14.8]
-198866.30635299793
-762437.8841440032
-1045613.9801520192
-900535.8755069837
-521222.6201619954
-223787.02756399958
-59268.41189299984
9302.64044600011
27608.96192699985
26019.936020999994
20225.829380000065
15087.099640000035
10984.961981999955
7435.16109
4673.370180000004
2704.3558149999994
1683.7436419999979
817.4949829999995
386.63465999999994
126.53885599999997
45.934050000000006
11.746015
Time:  35.43311834335327 seconds
[ 8.   8.2  8.4  8.6  8.8  9.   9.2  9.4  9.6  9.8 10.  10.2 10.4 10.6
 10.8 11.  11.2 11.4 11.6 11.8 12.  12.2 12.4 12.6 12.8 13.  13.2 13.4
 13.6 13.8 14.  14.2 14.4 14.6 14.8]
-198866.30635299793
-762437.8841440032
-1045633.2395040176
-900731.7864709874
-521635.4804160007
-224165.15324900128
-59603.07961400052
8585.016049999951
26174.38405099995
23281.93894500001
15718.364248000038
10075.404208999991
6473.566363000011
3910.0958099999993
2250.639074000002
1245.0126579999985
740.1877799999985
350.076861
158.91594000000006
52.718889000000004
16.401897
5.2062360000000005
Time:  70.45218849182129 seconds
[ 8.   8.2  8.4  8.6  8.8  9.   9.2  9.4  9.6  9.8 10.  10.2 10.4 10.6
 10.8 11.  11.2 11.4 11.6 11.8 12.  12.2 12.4 12.6 12.8 13.  13.2 13.4
 13.6 13.8 14.  14.2 14.4 14.6 14.8]
-388.4261800000001
-10758.877840000008
-54847.732428999734
-125858.9770049996
-184153.42998426696
-211084.38472765486
-209321.8604024689
-194619.31270946437
-172616.99937246478
-149375.47545700855
-134171.88468323209
-116555.73599592994
-95952.00709536177
-76606.05885686829
-66084.65147594022
-44129.00507526905
-29615.83980965954
-14071.377859784057
-7202.699096629259
-2859.3169637389947
Time:  93.96623635292053 seconds
