[ 8.   8.2  8.4  8.6  8.8  9.   9.2  9.4  9.6  9.8 10.  10.2 10.4 10.6
 10.8 11.  11.2 11.4 11.6 11.8 12.  12.2 12.4 12.6 12.8 13.  13.2 13.4
 13.6 13.8 14.  14.2 14.4 14.6 14.8]
-1214.6878339999996
-31913.03644900009
-84844.20095800127
-89938.83516700109
-40365.99780199957
13025.564512999972
33207.8327449997
29415.214602000306
20150.601209000026
13028.608425999986
8568.443193000014
5459.310087000001
3471.3569780000007
2089.035512
1186.2190060000014
700.339756
312.42931600000014
106.727291
40.52901099999999
9.617081
2.917818
Time:  2.680420398712158 seconds
[ 8.   8.2  8.4  8.6  8.8  9.   9.2  9.4  9.6  9.8 10.  10.2 10.4 10.6
 10.8 11.  11.2 11.4 11.6 11.8 12.  12.2 12.4 12.6 12.8 13.  13.2 13.4
 13.6 13.8 14.  14.2 14.4 14.6 14.8]
-1214.6878339999996
-31913.03644900009
-84844.20095800127
-89938.83516700109
-40365.99780199957
13025.564512999972
33094.18123999963
29143.555948000154
19613.203014000177
12138.524520000006
7466.299507999977
4391.837708
2539.3246320000035
1390.8782430000017
735.7477949999993
422.0551300000002
177.37252500000002
56.61029400000001
23.898946000000002
5.7902320000000005
1.612978
Time:  5.35322642326355 seconds
[ 8.   8.2  8.4  8.6  8.8  9.   9.2  9.4  9.6  9.8 10.  10.2 10.4 10.6
 10.8 11.  11.2 11.4 11.6 11.8 12.  12.2 12.4 12.6 12.8 13.  13.2 13.4
 13.6 13.8 14.  14.2 14.4 14.6 14.8]
-19281.644711853933
-25636.879272945644
-27880.155628129134
-27599.72568395187
-27053.441862119776
-25150.772963010975
-22107.538394864343
-18643.553947849017
-14420.714739697125
-11639.33995215904
-7521.398691927007
-3782.765750812998
-2041.2619377729998
-728.5533966300001
-263.4257881
Time:  6.369220972061157 seconds
