[ 8.   8.2  8.4  8.6  8.8  9.   9.2  9.4  9.6  9.8 10.  10.2 10.4 10.6
 10.8 11.  11.2 11.4 11.6 11.8 12.  12.2 12.4 12.6 12.8 13.  13.2 13.4
 13.6 13.8 14.  14.2 14.4 14.6 14.8]
-11933.543006000018
-82868.48990299925
-169870.09250600185
-172515.09439900052
-107950.18954400031
-44369.682187000115
-17961.333419000006
-8935.030287999993
-4346.724112999973
-2072.8472539999916
-710.0864829999995
31.068270999999974
336.88101799999964
474.38277200000016
458.6907240000001
380.49915400000003
320.311874
245.15969399999986
177.670455
112.76046
61.685183
19.444084
10.177726
Time:  4.297417640686035 seconds
[ 8.   8.2  8.4  8.6  8.8  9.   9.2  9.4  9.6  9.8 10.  10.2 10.4 10.6
 10.8 11.  11.2 11.4 11.6 11.8 12.  12.2 12.4 12.6 12.8 13.  13.2 13.4
 13.6 13.8 14.  14.2 14.4 14.6 14.8]
-11933.543006000018
-82868.48990299925
-169870.09250600185
-172515.09439900052
-107950.18954400031
-44369.682187000115
-18018.301665000057
-9102.274117999987
-4665.671104000001
-2492.905176999998
-1260.7919900000002
-559.0294499999989
-178.23000800000025
-63.031111999999965
-14.229840000000054
17.230340000000005
14.813537000000009
30.732813999999973
5.095490999999999
-1.9881970000000018
6.550985999999998
0.5280199999999999
1.4822410000000001
Time:  8.27511191368103 seconds
[ 8.   8.2  8.4  8.6  8.8  9.   9.2  9.4  9.6  9.8 10.  10.2 10.4 10.6
 10.8 11.  11.2 11.4 11.6 11.8 12.  12.2 12.4 12.6 12.8 13.  13.2 13.4
 13.6 13.8 14.  14.2 14.4 14.6 14.8]
-8013.566358999647
-9692.63807373002
-10488.2418186461
-11102.947377742026
-10963.438131518704
-10558.772228445974
-10133.43302653594
-9381.12396884702
-9142.307343865981
-7827.966678581994
-7464.667906884029
-5902.67988206899
-5056.998693177463
-3613.0532754980004
-2433.597566039995
-1212.4940674790014
-837.496224819999
Time:  8.960444688796997 seconds
