Wed Dec 28 02:22:35 2022

Min halo mass: 9.483433
tdyn: 6.73499e+08 years
tout - tdyn: 3.6102e+09 years
z(tout - tdyn): 1.813912
Opening file /mnt/data_cat5/rlzhang/Pinocchio-minmass/test/output/tests22/N1650/1.5/10part/pinocchio.1.5000.r00022.catalog.out
The file has been written by 60 tasks
The box has been fragmented in 1 slices
nhalo in cat: 13265696
Opening file /mnt/data_cat5/rlzhang/Pinocchio-minmass/test/output/tests22/N1650/1.5/10part/pinocchio.r00022.histories.out
The run used 1 slices
Opening file conc_diemer.txt
nbins_m: 61
nbins_z: 57
# columns: log10(mass) 9 - 15 with dlogM = 0.1 (nbins = 61)

# rows: redshifts 0.4 - 6 with dz = 0.1 (nbins = 57)

ibin_z: 57
Opening file etest0.5_2.txt
logMmin: 9.000000
dlogM: 0.100000
zmin for conc table: 0.400000
dz: 0.100000
Ntrees: 13265696
Nbranches: 26969929
I found 13265696 trees and 26969929 branches in the file
Wed Dec 28 02:24:41 2022

